2023-11-28 14:05:56,730 - Mock Version: 2.17
2023-11-28 14:05:59,945 - Start: dnf update
2023-11-28 14:06:21,763 - Finish: dnf update
2023-11-28 14:06:21,770 - Finish: chroot init
2023-11-28 14:06:21,775 - Start: buildsrpm
2023-11-28 14:06:21,779 - Start: rpmbuild -bs
2023-11-28 14:06:22,100 - Finish: rpmbuild -bs
2023-11-28 14:06:22,102 - Finish: buildsrpm
2023-11-28 14:06:22,105 - Start: clean chroot
2023-11-28 14:06:23,690 - Finish: clean chroot
2023-11-28 14:06:23,691 - Finish: run
2023-11-28 14:06:26,927 - Mock Version: 2.17
2023-11-28 14:06:29,675 - Start: dnf update
2023-11-28 14:06:35,855 - Finish: dnf update
2023-11-28 14:06:35,861 - Finish: chroot init
2023-11-28 14:06:35,864 - Start: build phase for redborder-cgroups-0.0.1-1.el9.rb.src.rpm
2023-11-28 14:06:35,865 - Start: build setup for redborder-cgroups-0.0.1-1.el9.rb.src.rpm
2023-11-28 14:06:39,454 - Finish: build setup for redborder-cgroups-0.0.1-1.el9.rb.src.rpm
2023-11-28 14:06:39,454 - Start: Outputting list of installed packages
2023-11-28 14:06:39,816 - Finish: Outputting list of installed packages
2023-11-28 14:06:39,816 - Start: rpmbuild redborder-cgroups-0.0.1-1.el9.rb.src.rpm
2023-11-28 14:06:40,357 - Finish: rpmbuild redborder-cgroups-0.0.1-1.el9.rb.src.rpm
2023-11-28 14:06:40,357 - Finish: build phase for redborder-cgroups-0.0.1-1.el9.rb.src.rpm
2023-11-28 14:06:40,359 - Start: clean chroot
2023-11-28 14:06:42,013 - Finish: clean chroot
2023-11-28 14:08:13,810 - Mock Version: 2.17
2023-11-28 14:08:16,572 - Start: dnf update
2023-11-28 14:08:22,289 - Finish: dnf update
2023-11-28 14:08:22,295 - Finish: chroot init
2023-11-28 14:08:22,299 - Start: buildsrpm
2023-11-28 14:08:22,304 - Start: rpmbuild -bs
2023-11-28 14:08:22,582 - Finish: rpmbuild -bs
2023-11-28 14:08:22,584 - Finish: buildsrpm
2023-11-28 14:08:22,586 - Start: clean chroot
2023-11-28 14:08:24,167 - Finish: clean chroot
2023-11-28 14:08:24,168 - Finish: run
2023-11-28 14:08:27,357 - Mock Version: 2.17
2023-11-28 14:08:29,624 - Start: dnf update
2023-11-28 14:08:35,118 - Finish: dnf update
2023-11-28 14:08:35,124 - Finish: chroot init
2023-11-28 14:08:35,126 - Start: build phase for redborder-cgroups-0.0.1-1.el9.rb.src.rpm
2023-11-28 14:08:35,128 - Start: build setup for redborder-cgroups-0.0.1-1.el9.rb.src.rpm
2023-11-28 14:08:39,022 - Finish: build setup for redborder-cgroups-0.0.1-1.el9.rb.src.rpm
2023-11-28 14:08:39,023 - Start: Outputting list of installed packages
2023-11-28 14:08:39,560 - Finish: Outputting list of installed packages
2023-11-28 14:08:39,560 - Start: rpmbuild redborder-cgroups-0.0.1-1.el9.rb.src.rpm
2023-11-28 14:08:40,023 - Finish: rpmbuild redborder-cgroups-0.0.1-1.el9.rb.src.rpm
2023-11-28 14:08:40,023 - Finish: build phase for redborder-cgroups-0.0.1-1.el9.rb.src.rpm
2023-11-28 14:08:40,025 - Start: clean chroot
2023-11-28 14:08:41,543 - Finish: clean chroot
2023-11-28 14:10:07,280 - Mock Version: 2.17
2023-11-28 14:10:09,532 - Start: dnf update
2023-11-28 14:10:15,618 - Finish: dnf update
2023-11-28 14:10:15,624 - Finish: chroot init
2023-11-28 14:10:15,630 - Start: buildsrpm
2023-11-28 14:10:15,640 - Start: rpmbuild -bs
2023-11-28 14:10:15,855 - Finish: rpmbuild -bs
2023-11-28 14:10:15,858 - Finish: buildsrpm
2023-11-28 14:10:15,860 - Start: clean chroot
2023-11-28 14:10:17,483 - Finish: clean chroot
2023-11-28 14:10:17,484 - Finish: run
2023-11-28 14:10:20,506 - Mock Version: 2.17
2023-11-28 14:10:22,929 - Start: dnf update
2023-11-28 14:10:28,748 - Finish: dnf update
2023-11-28 14:10:28,754 - Finish: chroot init
2023-11-28 14:10:28,756 - Start: build phase for redborder-cgroups-0.0.1-1.el9.rb.src.rpm
2023-11-28 14:10:28,757 - Start: build setup for redborder-cgroups-0.0.1-1.el9.rb.src.rpm
2023-11-28 14:10:32,708 - Finish: build setup for redborder-cgroups-0.0.1-1.el9.rb.src.rpm
2023-11-28 14:10:32,709 - Start: Outputting list of installed packages
2023-11-28 14:10:33,206 - Finish: Outputting list of installed packages
2023-11-28 14:10:33,206 - Start: rpmbuild redborder-cgroups-0.0.1-1.el9.rb.src.rpm
2023-11-28 14:10:33,646 - Finish: rpmbuild redborder-cgroups-0.0.1-1.el9.rb.src.rpm
2023-11-28 14:10:33,646 - Finish: build phase for redborder-cgroups-0.0.1-1.el9.rb.src.rpm
2023-11-28 14:10:33,648 - Start: clean chroot
2023-11-28 14:10:35,209 - Finish: clean chroot
